<?xml version="1.0" encoding="UTF-8"?>
<!-- Generated by org.testng.reporters.JUnitReportReporter -->
<testsuite hostname="DESKTOP-3QFF56L" failures="0" tests="1" name="JavascriptExecutor.Byjus_assign_2" time="41.456" errors="0" timestamp="2023-07-13T23:01:22 IST" skipped="0">
  <testcase classname="JavascriptExecutor.Byjus_assign_2" name="Byjus2" time="41.456"/>
</testsuite> <!-- JavascriptExecutor.Byjus_assign_2 -->
