<?xml version="1.0" encoding="UTF-8"?>
<!-- Generated by org.testng.reporters.JUnitReportReporter -->
<testsuite hostname="DESKTOP-3QFF56L" failures="0" tests="1" name="JavascriptExecutor.Byjus_assign" time="19.877" errors="0" timestamp="2023-07-12T22:21:44 IST" skipped="0">
  <testcase classname="JavascriptExecutor.Byjus_assign" name="Byjus" time="19.877"/>
</testsuite> <!-- JavascriptExecutor.Byjus_assign -->
