<?xml version="1.0" encoding="UTF-8"?>
<!-- Generated by org.testng.reporters.JUnitReportReporter -->
<testsuite hostname="DESKTOP-3QFF56L" failures="0" tests="3" name="Annotations_TestNG.Annotations" time="0.027" errors="0" timestamp="2023-07-06T08:57:03 IST" skipped="0">
  <testcase classname="Annotations_TestNG.Annotations" name="Title" time="0.014"/>
  <testcase classname="Annotations_TestNG.Annotations" name="set" time="0.006"/>
  <testcase classname="Annotations_TestNG.Annotations" name="set1" time="0.007"/>
</testsuite> <!-- Annotations_TestNG.Annotations -->
