<?xml version="1.0" encoding="UTF-8"?>
<!-- Generated by org.testng.reporters.JUnitReportReporter -->
<testsuite hostname="DESKTOP-3QFF56L" failures="0" tests="2" name="TestNG_feature.Demo" time="31.112" errors="0" timestamp="2023-07-06T11:02:39 IST" skipped="0">
  <testcase classname="TestNG_feature.Demo" name="C" time="14.023"/>
  <testcase classname="TestNG_feature.Demo" name="B" time="17.089"/>
</testsuite> <!-- TestNG_feature.Demo -->
