<?xml version="1.0" encoding="UTF-8"?>
<!-- Generated by org.testng.reporters.JUnitReportReporter -->
<testsuite hostname="DESKTOP-3QFF56L" failures="0" tests="1" name="JavascriptExecutor.Byjus_assignment1" time="40.538" errors="0" timestamp="2023-07-13T20:54:38 IST" skipped="0">
  <testcase classname="JavascriptExecutor.Byjus_assignment1" name="Byjus" time="40.538"/>
</testsuite> <!-- JavascriptExecutor.Byjus_assignment1 -->
